SF:lib\services\circle_evaluator.dart
DA:8,1
DA:9,2
DA:10,1
DA:17,1
DA:18,1
DA:19,1
DA:20,1
DA:22,1
DA:23,1
DA:25,1
DA:32,1
DA:33,8
DA:34,8
DA:35,1
DA:38,1
DA:40,2
DA:41,2
DA:42,1
DA:44,2
DA:47,1
DA:49,2
DA:50,2
DA:51,3
DA:53,3
DA:56,1
DA:57,1
DA:58,1
DA:59,2
DA:60,1
DA:61,1
DA:64,1
DA:65,1
DA:66,3
DA:69,2
DA:70,3
DA:71,2
DA:74,1
DA:75,1
DA:77,1
DA:79,1
DA:81,1
DA:83,1
DA:85,1
LF:43
LH:43
end_of_record
SF:lib\models\circle_result.dart
DA:6,2
LF:1
LH:1
end_of_record
SF:lib\providers\game_state_provider.dart
DA:20,2
DA:21,2
DA:22,2
DA:23,2
DA:24,2
DA:25,2
DA:27,1
DA:28,1
DA:31,1
DA:33,1
DA:34,1
DA:35,1
DA:37,1
DA:39,2
DA:40,2
DA:41,2
DA:42,2
DA:43,2
DA:45,1
DA:46,1
DA:48,0
DA:49,0
DA:50,0
DA:54,1
DA:56,2
DA:57,3
DA:59,3
DA:60,2
DA:63,1
DA:64,1
DA:66,0
DA:67,0
DA:71,1
DA:73,2
DA:74,1
DA:75,1
DA:77,0
DA:78,0
DA:82,1
DA:84,2
DA:85,1
DA:86,1
DA:88,0
DA:89,0
DA:93,1
DA:95,1
DA:96,1
DA:97,1
DA:98,1
DA:100,1
DA:101,1
DA:102,1
DA:103,1
DA:104,1
DA:106,1
DA:108,0
DA:109,0
DA:113,0
DA:114,0
DA:115,0
DA:118,1
DA:119,1
DA:120,2
DA:121,2
DA:122,2
DA:123,2
DA:127,1
DA:128,1
DA:129,2
DA:132,1
DA:133,1
DA:134,2
DA:137,1
DA:138,1
DA:139,1
DA:140,1
DA:141,1
DA:142,7
LF:78
LH:64
end_of_record
